<?xml version="1.0" encoding="UTF-8"?>
<!-- Generated by org.testng.reporters.JUnitReportReporter -->
<testsuite hostname="DESKTOP-2FCMSNB" failures="0" tests="1" name="TestExample" time="0.008" errors="0" timestamp="2021-05-03T12:25:58 CST" skipped="0">
  <testcase classname="TestExample" name="test" time="0.008"/>
  <system-out/>
</testsuite> <!-- TestExample -->
